Watching for file changes with StatReloader
Waiting for apps ready_event.
Apps ready_event triggered. Sending autoreload_started signal.
Watching dir C:\Users\Serhan\SoftUniProjects\employees_app\employees_app\employees\templates with glob **/*.
Watching dir C:\Users\Serhan\SoftUniProjects\employees_app\employees_app\locale with glob **/*.mo.
Watching dir C:\Users\Serhan\SoftUniProjects\employees_app\employees_app\employees\locale with glob **/*.mo.
(0.000) 
            SELECT name, type FROM sqlite_master
            WHERE type in ('table', 'view') AND NOT name='sqlite_sequence'
            ORDER BY name; args=None; alias=default
(0.000) SELECT "django_migrations"."id", "django_migrations"."app", "django_migrations"."name", "django_migrations"."applied" FROM "django_migrations"; args=(); alias=default
File C:\Users\Serhan\SoftUniProjects\employees_app\venv\Lib\site-packages\django\forms\forms.py first seen with mtime 1671463614.301864
File C:\Users\Serhan\SoftUniProjects\employees_app\venv\Lib\site-packages\django\utils\__init__.py first seen with mtime 1671463614.5458639
File C:\Users\Serhan\SoftUniProjects\employees_app\venv\Lib\site-packages\django\db\models\fields\__init__.py first seen with mtime 1671463614.2588656
File C:\Users\Serhan\SoftUniProjects\employees_app\venv\Lib\site-packages\django\utils\version.py first seen with mtime 1671463614.614867
File C:\Users\Serhan\SoftUniProjects\employees_app\venv\Lib\site-packages\django\contrib\admin\utils.py first seen with mtime 1671463609.7208636
File C:\Users\Serhan\SoftUniProjects\employees_app\venv\Lib\site-packages\django\template\loader_tags.py first seen with mtime 1671463614.4848652
File C:\Python311\Lib\pkgutil.py first seen with mtime 1666625648.0
File C:\Users\Serhan\SoftUniProjects\employees_app\venv\Lib\site-packages\django\middleware\__init__.py first seen with mtime 1671463614.45487
File C:\Users\Serhan\SoftUniProjects\employees_app\venv\Lib\site-packages\django\db\backends\utils.py first seen with mtime 1671463614.0808635
File C:\Python311\Lib\numbers.py first seen with mtime 1666625648.0
File C:\Users\Serhan\SoftUniProjects\employees_app\venv\Lib\site-packages\django\templatetags\l10n.py first seen with mtime 1671463614.5138674
File C:\Users\Serhan\SoftUniProjects\employees_app\venv\Lib\site-packages\django\views\decorators\__init__.py first seen with mtime 1671463614.6308632
File C:\Users\Serhan\SoftUniProjects\employees_app\venv\Lib\site-packages\django\utils\translation\reloader.py first seen with mtime 1671463614.6198628
File C:\Python311\Lib\encodings\utf_8.py first seen with mtime 1666625648.0
File C:\Users\Serhan\SoftUniProjects\employees_app\venv\Lib\site-packages\django\db\models\functions\mixins.py first seen with mtime 1671463614.2758622
File C:\Python311\Lib\email\mime\text.py first seen with mtime 1666625648.0
File C:\Users\Serhan\SoftUniProjects\employees_app\venv\Lib\site-packages\django\core\handlers\__init__.py first seen with mtime 1671463614.0038638
File C:\Users\Serhan\SoftUniProjects\employees_app\venv\Lib\site-packages\django\template\loaders\base.py first seen with mtime 1671463614.4978635
File C:\Users\Serhan\SoftUniProjects\employees_app\venv\Lib\site-packages\django\db\backends\base\introspection.py first seen with mtime 1671463614.0868635
File C:\Python311\DLLs\select.pyd first seen with mtime 1666625688.0
File C:\Users\Serhan\SoftUniProjects\employees_app\venv\Lib\site-packages\django\core\files\storage.py first seen with mtime 1671463613.9968655
File C:\Users\Serhan\SoftUniProjects\employees_app\venv\Lib\site-packages\django\db\models\enums.py first seen with mtime 1671463614.244869
File C:\Python311\Lib\email\policy.py first seen with mtime 1666625648.0
File C:\Python311\Lib\urllib\response.py first seen with mtime 1666625648.0
File C:\Python311\Lib\_weakrefset.py first seen with mtime 1666625648.0
File C:\Users\Serhan\SoftUniProjects\employees_app\venv\Lib\site-packages\sqlparse\filters\__init__.py first seen with mtime 1671463608.6708622
File C:\Users\Serhan\SoftUniProjects\employees_app\venv\Lib\site-packages\django\contrib\sessions\__init__.py first seen with mtime 1671463613.3978648
File C:\Users\Serhan\SoftUniProjects\employees_app\venv\Lib\site-packages\django\utils\termcolors.py first seen with mtime 1671463614.606865
File C:\Python311\Lib\html\parser.py first seen with mtime 1666625648.0
File C:\Python311\Lib\re\_parser.py first seen with mtime 1666625648.0
File C:\Users\Serhan\SoftUniProjects\employees_app\venv\Lib\site-packages\sqlparse\sql.py first seen with mtime 1671463608.664863
File C:\Users\Serhan\SoftUniProjects\employees_app\venv\Lib\site-packages\django\contrib\messages\storage\__init__.py first seen with mtime 1671463612.8818648
File C:\Python311\Lib\ssl.py first seen with mtime 1666625648.0
File C:\Users\Serhan\SoftUniProjects\employees_app\venv\Lib\site-packages\django\contrib\admin\apps.py first seen with mtime 1671463609.7078648
File C:\Users\Serhan\SoftUniProjects\employees_app\venv\Lib\site-packages\django\core\files\images.py first seen with mtime 1671463613.9928646
File C:\Users\Serhan\SoftUniProjects\employees_app\venv\Lib\site-packages\django\forms\widgets.py first seen with mtime 1671463614.313868
File C:\Users\Serhan\SoftUniProjects\employees_app\venv\Lib\site-packages\django\contrib\auth\models.py first seen with mtime 1671463610.917865
File C:\Users\Serhan\SoftUniProjects\employees_app\venv\Lib\site-packages\django\db\backends\sqlite3\client.py first seen with mtime 1671463614.1418643
File C:\Users\Serhan\SoftUniProjects\employees_app\venv\Lib\site-packages\django\core\files\base.py first seen with mtime 1671463613.9918675
File C:\Users\Serhan\SoftUniProjects\employees_app\venv\Lib\site-packages\django\core\checks\translation.py first seen with mtime 1671463613.9798644
File C:\Users\Serhan\SoftUniProjects\employees_app\venv\Lib\site-packages\django\contrib\admin\templatetags\__init__.py first seen with mtime 1671463610.6138637
File C:\Python311\Lib\reprlib.py first seen with mtime 1666625648.0
File C:\Users\Serhan\SoftUniProjects\employees_app\employees_app\employees\admin.py first seen with mtime 1671464220.9609115
File C:\Users\Serhan\SoftUniProjects\employees_app\venv\Lib\site-packages\django\utils\autoreload.py first seen with mtime 1671463614.5518637
File C:\Users\Serhan\SoftUniProjects\employees_app\venv\Lib\site-packages\sqlparse\utils.py first seen with mtime 1671463608.6668632
File C:\Users\Serhan\SoftUniProjects\employees_app\venv\Lib\site-packages\sqlparse\filters\output.py first seen with mtime 1671463608.6728675
File C:\Users\Serhan\SoftUniProjects\employees_app\venv\Lib\site-packages\sqlparse\keywords.py first seen with mtime 1671463608.6628628
File C:\Python311\Lib\email\mime\nonmultipart.py first seen with mtime 1666625648.0
File C:\Python311\Lib\bisect.py first seen with mtime 1666625648.0
File C:\Users\Serhan\SoftUniProjects\employees_app\employees_app\employees_app\__init__.py first seen with mtime 1671463642.6356628
File C:\Users\Serhan\SoftUniProjects\employees_app\venv\Lib\site-packages\django\db\backends\sqlite3\base.py first seen with mtime 1671463614.140864
File C:\Users\Serhan\SoftUniProjects\employees_app\venv\Lib\site-packages\django\template\library.py first seen with mtime 1671463614.4818628
File C:\Python311\Lib\concurrent\futures\thread.py first seen with mtime 1666625648.0
File C:\Users\Serhan\SoftUniProjects\employees_app\venv\Lib\site-packages\django\template\exceptions.py first seen with mtime 1671463614.4808636
File C:\Users\Serhan\SoftUniProjects\employees_app\venv\Lib\site-packages\django\views\static.py first seen with mtime 1671463614.6288629
File C:\Users\Serhan\SoftUniProjects\employees_app\venv\Lib\site-packages\django\dispatch\dispatcher.py first seen with mtime 1671463614.2928686
File C:\Python311\Lib\email\_encoded_words.py first seen with mtime 1666625648.0
File C:\Python311\Lib\re\_casefix.py first seen with mtime 1666625648.0
File C:\Users\Serhan\SoftUniProjects\employees_app\venv\Lib\site-packages\django\db\backends\signals.py first seen with mtime 1671463614.0798633
File C:\Python311\Lib\urllib\request.py first seen with mtime 1666625648.0
File C:\Users\Serhan\SoftUniProjects\employees_app\venv\Lib\site-packages\django\contrib\auth\hashers.py first seen with mtime 1671463610.9138627
File C:\Users\Serhan\SoftUniProjects\employees_app\venv\Lib\site-packages\django\forms\__init__.py first seen with mtime 1671463614.2958684
File C:\Users\Serhan\SoftUniProjects\employees_app\venv\Lib\site-packages\django\utils\asyncio.py first seen with mtime 1671463614.5508645
File C:\Users\Serhan\SoftUniProjects\employees_app\employees_app\employees_app\settings.py first seen with mtime 1671890187.4696574
File C:\Python311\Lib\sqlite3\__init__.py first seen with mtime 1666625648.0
File C:\Python311\Lib\re\_constants.py first seen with mtime 1666625648.0
File C:\Users\Serhan\SoftUniProjects\employees_app\venv\Lib\site-packages\django\core\serializers\python.py first seen with mtime 1671463614.0688639
File C:\Users\Serhan\SoftUniProjects\employees_app\venv\Lib\site-packages\django\db\models\fields\related.py first seen with mtime 1671463614.2648635
File C:\Users\Serhan\SoftUniProjects\employees_app\venv\Lib\site-packages\django\db\models\sql\query.py first seen with mtime 1671463614.2868655
File C:\Python311\DLLs\_queue.pyd first seen with mtime 1666625686.0
File C:\Python311\Lib\linecache.py first seen with mtime 1666625648.0
File C:\Users\Serhan\SoftUniProjects\employees_app\venv\Lib\site-packages\django\apps\registry.py first seen with mtime 1671463609.1478634
File C:\Python311\Lib\http\cookies.py first seen with mtime 1666625648.0
File C:\Users\Serhan\SoftUniProjects\employees_app\venv\Lib\site-packages\django\contrib\staticfiles\__init__.py first seen with mtime 1671463613.927864
File C:\Users\Serhan\SoftUniProjects\employees_app\venv\Lib\site-packages\django\views\generic\detail.py first seen with mtime 1671463614.6468656
File C:\Python311\Lib\selectors.py first seen with mtime 1666625648.0
File C:\Python311\Lib\logging\__init__.py first seen with mtime 1666625648.0
File C:\Python311\Lib\asyncio\tasks.py first seen with mtime 1666625648.0
File C:\Python311\Lib\importlib\abc.py first seen with mtime 1666625648.0
File C:\Users\Serhan\SoftUniProjects\employees_app\venv\Lib\site-packages\django\utils\encoding.py first seen with mtime 1671463614.5788653
File C:\Python311\Lib\base64.py first seen with mtime 1666625648.0
File C:\Python311\Lib\ctypes\wintypes.py first seen with mtime 1666625648.0
File C:\Users\Serhan\SoftUniProjects\employees_app\venv\Lib\site-packages\django\http\multipartparser.py first seen with mtime 1671463614.448864
File C:\Users\Serhan\SoftUniProjects\employees_app\venv\Lib\site-packages\django\urls\__init__.py first seen with mtime 1671463614.5358648
File C:\Users\Serhan\SoftUniProjects\employees_app\venv\Lib\site-packages\django\contrib\messages\api.py first seen with mtime 1671463612.873867
File C:\Python311\Lib\asyncio\base_events.py first seen with mtime 1666625648.0
File C:\Users\Serhan\SoftUniProjects\employees_app\venv\Lib\site-packages\django\db\migrations\operations\fields.py first seen with mtime 1671463614.1698644
File C:\Users\Serhan\SoftUniProjects\employees_app\employees_app\employees\apps.py first seen with mtime 1671464220.9629102
File C:\Users\Serhan\SoftUniProjects\employees_app\venv\Lib\site-packages\django\views\generic\dates.py first seen with mtime 1671463614.6458666
File C:\Users\Serhan\SoftUniProjects\employees_app\venv\Lib\site-packages\django\db\backends\base\__init__.py first seen with mtime 1671463614.081864
File C:\Python311\Lib\email\header.py first seen with mtime 1666625648.0
File C:\Users\Serhan\SoftUniProjects\employees_app\venv\Lib\site-packages\django\core\checks\messages.py first seen with mtime 1671463613.9748685
File C:\Users\Serhan\SoftUniProjects\employees_app\venv\Lib\site-packages\django\db\models\manager.py first seen with mtime 1671463614.2508633
File C:\Users\Serhan\SoftUniProjects\employees_app\venv\Lib\site-packages\django\db\models\query_utils.py first seen with mtime 1671463614.2548661
File C:\Users\Serhan\SoftUniProjects\employees_app\venv\Lib\site-packages\django\contrib\contenttypes\admin.py first seen with mtime 1671463611.2248628
File C:\Users\Serhan\SoftUniProjects\employees_app\venv\Lib\site-packages\django\db\models\options.py first seen with mtime 1671463614.2518618
File C:\Python311\Lib\asyncio\protocols.py first seen with mtime 1666625648.0
File C:\Python311\Lib\multiprocessing\reduction.py first seen with mtime 1666625648.0
File C:\Users\Serhan\SoftUniProjects\employees_app\venv\Lib\site-packages\django\db\backends\base\creation.py first seen with mtime 1671463614.0848653
File C:\Users\Serhan\SoftUniProjects\employees_app\venv\Lib\site-packages\django\utils\functional.py first seen with mtime 1671463614.584866
File C:\Users\Serhan\SoftUniProjects\employees_app\venv\Lib\site-packages\django\db\models\expressions.py first seen with mtime 1671463614.2468674
File C:\Python311\Lib\asyncio\coroutines.py first seen with mtime 1666625648.0
File C:\Users\Serhan\SoftUniProjects\employees_app\venv\Lib\site-packages\django\utils\dateformat.py first seen with mtime 1671463614.5638628
File C:\Python311\Lib\hmac.py first seen with mtime 1666625648.0
File C:\Users\Serhan\SoftUniProjects\employees_app\venv\Lib\site-packages\django\http\cookie.py first seen with mtime 1671463614.4478655
File C:\Python311\Lib\multiprocessing\process.py first seen with mtime 1666625648.0
File C:\Python311\Lib\wsgiref\simple_server.py first seen with mtime 1666625650.0
File C:\Python311\Lib\nturl2path.py first seen with mtime 1666625648.0
File C:\Users\Serhan\SoftUniProjects\employees_app\venv\Lib\site-packages\django\template\loaders\filesystem.py first seen with mtime 1671463614.5038652
File C:\Users\Serhan\SoftUniProjects\employees_app\venv\Lib\site-packages\django\core\management\__init__.py first seen with mtime 1671463614.0238612
File C:\Python311\Lib\email\quoprimime.py first seen with mtime 1666625648.0
File C:\Python311\Lib\signal.py first seen with mtime 1666625648.0
File C:\Users\Serhan\SoftUniProjects\employees_app\venv\Lib\site-packages\django\contrib\auth\base_user.py first seen with mtime 1671463610.9048648
File C:\Users\Serhan\SoftUniProjects\employees_app\venv\Lib\site-packages\django\views\debug.py first seen with mtime 1671463614.6268637
File C:\Users\Serhan\SoftUniProjects\employees_app\venv\Lib\site-packages\django\apps\config.py first seen with mtime 1671463609.1468627
File C:\Python311\Lib\types.py first seen with mtime 1666625648.0
File C:\Users\Serhan\SoftUniProjects\employees_app\venv\Lib\site-packages\django\utils\dateparse.py first seen with mtime 1671463614.5668664
File C:\Python311\Lib\copyreg.py first seen with mtime 1666625648.0
File C:\Users\Serhan\SoftUniProjects\employees_app\venv\Lib\site-packages\django\core\serializers\json.py first seen with mtime 1671463614.0668628
File C:\Python311\Lib\_compression.py first seen with mtime 1666625648.0
File C:\Users\Serhan\SoftUniProjects\employees_app\venv\Lib\site-packages\django\utils\log.py first seen with mtime 1671463614.5968654
File C:\Users\Serhan\SoftUniProjects\employees_app\venv\Lib\site-packages\django\contrib\auth\management\__init__.py first seen with mtime 1671463611.203865
File C:\Users\Serhan\SoftUniProjects\employees_app\venv\Lib\site-packages\django\db\models\sql\constants.py first seen with mtime 1671463614.2828631
File C:\Python311\Lib\asyncio\transports.py first seen with mtime 1666625648.0
File C:\Python311\Lib\http\server.py first seen with mtime 1666625648.0
File C:\Python311\Lib\inspect.py first seen with mtime 1666625648.0
File C:\Users\Serhan\SoftUniProjects\employees_app\venv\Lib\site-packages\django\contrib\contenttypes\checks.py first seen with mtime 1671463611.2278645
File C:\Users\Serhan\SoftUniProjects\employees_app\venv\Lib\site-packages\django\db\models\fields\proxy.py first seen with mtime 1671463614.2628632
File C:\Users\Serhan\SoftUniProjects\employees_app\venv\Lib\site-packages\django\template\loaders\__init__.py first seen with mtime 1671463614.4958625
File C:\Python311\Lib\typing.py first seen with mtime 1666625648.0
File C:\Users\Serhan\SoftUniProjects\employees_app\venv\Lib\site-packages\django\core\mail\__init__.py first seen with mtime 1671463614.0108678
File C:\Users\Serhan\SoftUniProjects\employees_app\venv\Lib\site-packages\django\middleware\security.py first seen with mtime 1671463614.4668622
File C:\Users\Serhan\SoftUniProjects\employees_app\venv\Lib\site-packages\django\contrib\messages\utils.py first seen with mtime 1671463612.8788621
File C:\Users\Serhan\SoftUniProjects\employees_app\venv\Lib\site-packages\django\db\models\fields\mixins.py first seen with mtime 1671463614.2618613
File C:\Python311\Lib\glob.py first seen with mtime 1666625648.0
File C:\Python311\Lib\email\mime\message.py first seen with mtime 1666625648.0
File C:\Users\Serhan\SoftUniProjects\employees_app\venv\Lib\site-packages\django\core\handlers\wsgi.py first seen with mtime 1671463614.0088642
File C:\Users\Serhan\SoftUniProjects\employees_app\employees_app\employees\views.py first seen with mtime 1671663881.6456194
File C:\Python311\Lib\email\contentmanager.py first seen with mtime 1666625648.0
File C:\Users\Serhan\SoftUniProjects\employees_app\venv\Lib\site-packages\django\core\management\commands\runserver.py first seen with mtime 1671463614.0498662
File C:\Python311\Lib\encodings\aliases.py first seen with mtime 1666625648.0
File C:\Users\Serhan\SoftUniProjects\employees_app\venv\Lib\site-packages\django\utils\regex_helper.py first seen with mtime 1671463614.6038654
File C:\Users\Serhan\SoftUniProjects\employees_app\venv\Lib\site-packages\django\db\backends\base\schema.py first seen with mtime 1671463614.0898638
File C:\Python311\Lib\asyncio\selector_events.py first seen with mtime 1666625648.0
File C:\Users\Serhan\SoftUniProjects\employees_app\venv\Lib\site-packages\django\contrib\admin\views\__init__.py first seen with mtime 1671463610.6208642
File C:\Users\Serhan\SoftUniProjects\employees_app\venv\Lib\site-packages\django\contrib\sites\shortcuts.py first seen with mtime 1671463613.6878617
File C:\Users\Serhan\SoftUniProjects\employees_app\venv\Lib\site-packages\sqlparse\filters\reindent.py first seen with mtime 1671463608.6738615
File C:\Users\Serhan\SoftUniProjects\employees_app\venv\Lib\site-packages\django\core\checks\security\base.py first seen with mtime 1671463613.986866
File C:\Python311\Lib\email\mime\multipart.py first seen with mtime 1666625648.0
File C:\Python311\DLLs\_ssl.pyd first seen with mtime 1666625688.0
File C:\Python311\Lib\asyncio\staggered.py first seen with mtime 1666625648.0
File C:\Users\Serhan\SoftUniProjects\employees_app\venv\Lib\site-packages\django\forms\renderers.py first seen with mtime 1671463614.3078675
File C:\Users\Serhan\SoftUniProjects\employees_app\venv\Lib\site-packages\django\contrib\sessions\models.py first seen with mtime 1671463613.4028623
File C:\Users\Serhan\SoftUniProjects\employees_app\venv\Lib\site-packages\django\http\__init__.py first seen with mtime 1671463614.4458652
File C:\Users\Serhan\SoftUniProjects\employees_app\venv\Lib\site-packages\django\core\management\commands\__init__.py first seen with mtime 1671463614.0318625
File C:\Users\Serhan\SoftUniProjects\employees_app\venv\Lib\site-packages\django\db\migrations\utils.py first seen with mtime 1671463614.162865
File C:\Users\Serhan\SoftUniProjects\employees_app\venv\Lib\site-packages\django\views\generic\edit.py first seen with mtime 1671463614.6478648
File C:\Users\Serhan\SoftUniProjects\employees_app\employees_app\manage.py first seen with mtime 1671463642.6296666
File C:\Users\Serhan\SoftUniProjects\employees_app\venv\Lib\site-packages\django\views\decorators\debug.py first seen with mtime 1671463614.6378639
File C:\Users\Serhan\SoftUniProjects\employees_app\venv\Lib\site-packages\django\contrib\__init__.py first seen with mtime 1671463609.7008655
File C:\Users\Serhan\SoftUniProjects\employees_app\venv\Lib\site-packages\django\core\checks\model_checks.py first seen with mtime 1671463613.9758656
File C:\Users\Serhan\SoftUniProjects\employees_app\venv\Lib\site-packages\django\db\models\fields\json.py first seen with mtime 1671463614.2608626
File C:\Users\Serhan\SoftUniProjects\employees_app\venv\Lib\site-packages\django\utils\hashable.py first seen with mtime 1671463614.5858657
File C:\Python311\Lib\datetime.py first seen with mtime 1666625648.0
File C:\Python311\Lib\textwrap.py first seen with mtime 1666625648.0
File C:\Python311\Lib\shutil.py first seen with mtime 1666625648.0
File C:\Python311\Lib\asyncio\format_helpers.py first seen with mtime 1666625648.0
File C:\Python311\Lib\email\feedparser.py first seen with mtime 1666625648.0
File C:\Python311\Lib\warnings.py first seen with mtime 1666625650.0
File C:\Users\Serhan\SoftUniProjects\employees_app\venv\Lib\site-packages\django\core\files\uploadedfile.py first seen with mtime 1671463613.999866
File C:\Users\Serhan\SoftUniProjects\employees_app\venv\Lib\site-packages\django\contrib\messages\apps.py first seen with mtime 1671463612.8748686
File C:\Users\Serhan\SoftUniProjects\employees_app\venv\Lib\site-packages\django\core\checks\compatibility\django_4_0.py first seen with mtime 1671463613.9838643
File C:\Users\Serhan\SoftUniProjects\employees_app\venv\Lib\site-packages\django\utils\timezone.py first seen with mtime 1671463614.6118653
File C:\Python311\Lib\asyncio\exceptions.py first seen with mtime 1666625648.0
File C:\Users\Serhan\SoftUniProjects\employees_app\venv\Lib\site-packages\django\db\models\functions\text.py first seen with mtime 1671463614.2768643
File C:\Python311\Lib\socket.py first seen with mtime 1666625648.0
File C:\Users\Serhan\SoftUniProjects\employees_app\venv\Lib\site-packages\django\template\backends\__init__.py first seen with mtime 1671463614.490863
File C:\Python311\Lib\getpass.py first seen with mtime 1666625648.0
File C:\Users\Serhan\SoftUniProjects\employees_app\venv\Lib\site-packages\django\db\models\sql\datastructures.py first seen with mtime 1671463614.284863
File C:\Users\Serhan\SoftUniProjects\employees_app\venv\Lib\site-packages\django\contrib\auth\password_validation.py first seen with mtime 1671463610.9188664
File C:\Python311\Lib\email\utils.py first seen with mtime 1666625648.0
File C:\Users\Serhan\SoftUniProjects\employees_app\venv\Lib\site-packages\django\db\models\functions\math.py first seen with mtime 1671463614.273867
File C:\Users\Serhan\SoftUniProjects\employees_app\venv\Lib\site-packages\django\templatetags\tz.py first seen with mtime 1671463614.5168624
File C:\Users\Serhan\SoftUniProjects\employees_app\venv\Lib\site-packages\django\utils\_os.py first seen with mtime 1671463614.5478685
File C:\Python311\Lib\email\mime\base.py first seen with mtime 1666625648.0
File C:\Python311\Lib\bz2.py first seen with mtime 1666625648.0
File C:\Users\Serhan\SoftUniProjects\employees_app\venv\Lib\site-packages\django\core\cache\__init__.py first seen with mtime 1671463613.9588642
File C:\Python311\Lib\asyncio\__init__.py first seen with mtime 1666625648.0
File C:\Users\Serhan\SoftUniProjects\employees_app\venv\Lib\site-packages\django\views\decorators\csrf.py first seen with mtime 1671463614.6358654
File C:\Users\Serhan\SoftUniProjects\employees_app\venv\Lib\site-packages\sqlparse\tokens.py first seen with mtime 1671463608.665861
File C:\Users\Serhan\SoftUniProjects\employees_app\venv\Lib\site-packages\django\db\backends\base\features.py first seen with mtime 1671463614.0858626
File C:\Users\Serhan\SoftUniProjects\employees_app\venv\Lib\site-packages\django\db\models\indexes.py first seen with mtime 1671463614.2478647
File C:\Users\Serhan\SoftUniProjects\employees_app\venv\Lib\site-packages\django\core\cache\backends\__init__.py first seen with mtime 1671463613.9598615
File C:\Users\Serhan\SoftUniProjects\employees_app\venv\Lib\site-packages\django\urls\conf.py first seen with mtime 1671463614.5378652
File C:\Python311\Lib\zoneinfo\_tzpath.py first seen with mtime 1666625650.0
File C:\Users\Serhan\SoftUniProjects\employees_app\venv\Lib\site-packages\django\utils\dates.py first seen with mtime 1671463614.5678642
File C:\Python311\Lib\concurrent\futures\__init__.py first seen with mtime 1666625648.0
File C:\Users\Serhan\SoftUniProjects\employees_app\venv\Lib\site-packages\django\contrib\admin\checks.py first seen with mtime 1671463609.7098615
File C:\Users\Serhan\SoftUniProjects\employees_app\venv\Lib\site-packages\django\views\generic\base.py first seen with mtime 1671463614.6448653
File C:\Users\Serhan\SoftUniProjects\employees_app\venv\Lib\site-packages\asgiref\__init__.py first seen with mtime 1671463608.9378731
File C:\Users\Serhan\SoftUniProjects\employees_app\venv\Lib\site-packages\sqlparse\lexer.py first seen with mtime 1671463608.663865
File C:\Python311\Lib\difflib.py first seen with mtime 1666625648.0
File C:\Users\Serhan\SoftUniProjects\employees_app\venv\Lib\site-packages\django\forms\models.py first seen with mtime 1671463614.3058681
File C:\Users\Serhan\SoftUniProjects\employees_app\venv\Lib\site-packages\django\utils\numberformat.py first seen with mtime 1671463614.600865
File C:\Users\Serhan\SoftUniProjects\employees_app\venv\Lib\site-packages\sqlparse\engine\statement_splitter.py first seen with mtime 1671463608.6698616
File C:\Python311\DLLs\_ctypes.pyd first seen with mtime 1666625688.0
File C:\Python311\Lib\importlib\resources\_adapters.py first seen with mtime 1666625648.0
File C:\Python311\Lib\email\_header_value_parser.py first seen with mtime 1666625648.0
File C:\Python311\Lib\ipaddress.py first seen with mtime 1666625648.0
File C:\Users\Serhan\SoftUniProjects\employees_app\venv\Lib\site-packages\django\contrib\auth\middleware.py first seen with mtime 1671463610.9158661
File C:\Users\Serhan\SoftUniProjects\employees_app\venv\Lib\site-packages\django\contrib\admin\exceptions.py first seen with mtime 1671463609.711863
File C:\Users\Serhan\SoftUniProjects\employees_app\venv\Lib\site-packages\django\contrib\contenttypes\views.py first seen with mtime 1671463611.2318623
File C:\Users\Serhan\SoftUniProjects\employees_app\venv\Lib\site-packages\django\db\backends\base\operations.py first seen with mtime 1671463614.0878637
File C:\Python311\Lib\multiprocessing\__init__.py first seen with mtime 1666625648.0
File C:\Users\Serhan\SoftUniProjects\employees_app\venv\Lib\site-packages\django\contrib\staticfiles\management\commands\runserver.py first seen with mtime 1671463613.944863
File C:\Python311\DLLs\_overlapped.pyd first seen with mtime 1666625688.0
File C:\Users\Serhan\SoftUniProjects\employees_app\venv\Lib\site-packages\django\utils\html.py first seen with mtime 1671463614.5868666
File C:\Python311\Lib\zoneinfo\__init__.py first seen with mtime 1666625650.0
File C:\Python311\Lib\asyncio\sslproto.py first seen with mtime 1666625648.0
File C:\Users\Serhan\SoftUniProjects\employees_app\venv\Lib\site-packages\django\db\migrations\operations\base.py first seen with mtime 1671463614.1658635
File C:\Users\Serhan\SoftUniProjects\employees_app\venv\Lib\site-packages\django\contrib\staticfiles\management\commands\__init__.py first seen with mtime 1671463613.9408636
File C:\Python311\Lib\concurrent\__init__.py first seen with mtime 1666625648.0
File C:\Users\Serhan\SoftUniProjects\employees_app\employees_app\employees\urls.py first seen with mtime 1671663837.619201
File C:\Users\Serhan\SoftUniProjects\employees_app\venv\Lib\site-packages\django\contrib\sites\__init__.py first seen with mtime 1671463613.679866
File C:\Users\Serhan\SoftUniProjects\employees_app\venv\Lib\site-packages\django\contrib\sites\requests.py first seen with mtime 1671463613.6868625
File C:\Users\Serhan\SoftUniProjects\employees_app\venv\Lib\site-packages\django\db\backends\base\validation.py first seen with mtime 1671463614.0908618
File C:\Users\Serhan\SoftUniProjects\employees_app\venv\Lib\site-packages\django\core\signals.py first seen with mtime 1671463613.9538634
File C:\Users\Serhan\SoftUniProjects\employees_app\venv\Lib\site-packages\django\utils\safestring.py first seen with mtime 1671463614.604866
File C:\Python311\Lib\email\message.py first seen with mtime 1666625648.0
File C:\Users\Serhan\SoftUniProjects\employees_app\venv\Lib\site-packages\asgiref\local.py first seen with mtime 1671463608.940861
File C:\Users\Serhan\SoftUniProjects\employees_app\venv\Lib\site-packages\django\contrib\sessions\base_session.py first seen with mtime 1671463613.399863
File C:\Python311\Lib\pathlib.py first seen with mtime 1666625648.0
File C:\Users\Serhan\SoftUniProjects\employees_app\venv\Lib\site-packages\django\core\serializers\base.py first seen with mtime 1671463614.064865
File C:\Python311\Lib\collections\__init__.py first seen with mtime 1666625648.0
File C:\Users\Serhan\SoftUniProjects\employees_app\venv\Lib\site-packages\django\http\request.py first seen with mtime 1671463614.4508653
File C:\Users\Serhan\SoftUniProjects\employees_app\venv\Lib\site-packages\django\db\models\fields\related_lookups.py first seen with mtime 1671463614.2668629
File C:\Users\Serhan\SoftUniProjects\employees_app\venv\Lib\site-packages\django\forms\formsets.py first seen with mtime 1671463614.3038683
File C:\Users\Serhan\SoftUniProjects\employees_app\venv\Lib\site-packages\django\db\models\fields\related_descriptors.py first seen with mtime 1671463614.2658634
File C:\Users\Serhan\SoftUniProjects\employees_app\venv\Lib\site-packages\_virtualenv.py first seen with mtime 1671463592.188367
File C:\Users\Serhan\SoftUniProjects\employees_app\venv\Lib\site-packages\django\db\models\query.py first seen with mtime 1671463614.2538636
File C:\Users\Serhan\SoftUniProjects\employees_app\venv\Lib\site-packages\django\utils\datastructures.py first seen with mtime 1671463614.5618649
File C:\Users\Serhan\SoftUniProjects\employees_app\venv\Lib\site-packages\django\contrib\sessions\apps.py first seen with mtime 1671463613.3988662
File C:\Python311\Lib\json\decoder.py first seen with mtime 1666625648.0
File C:\Users\Serhan\SoftUniProjects\employees_app\venv\Lib\site-packages\django\db\models\fields\reverse_related.py first seen with mtime 1671463614.2678654
File C:\Python311\Lib\importlib\resources\__init__.py first seen with mtime 1666625648.0
File C:\Users\Serhan\SoftUniProjects\employees_app\venv\Lib\site-packages\sqlparse\exceptions.py first seen with mtime 1671463608.6618624
File C:\Users\Serhan\SoftUniProjects\employees_app\venv\Lib\site-packages\django\template\__init__.py first seen with mtime 1671463614.4688635
File C:\Users\Serhan\SoftUniProjects\employees_app\venv\Lib\site-packages\django\contrib\auth\admin.py first seen with mtime 1671463610.9018638
File C:\Python311\Lib\queue.py first seen with mtime 1666625648.0
File C:\Users\Serhan\SoftUniProjects\employees_app\venv\Lib\site-packages\django\utils\itercompat.py first seen with mtime 1671463614.593863
File C:\Python311\DLLs\_bz2.pyd first seen with mtime 1666625688.0
File C:\Users\Serhan\SoftUniProjects\employees_app\venv\Lib\site-packages\django\core\files\move.py first seen with mtime 1671463613.9958625
File C:\Users\Serhan\SoftUniProjects\employees_app\venv\Lib\site-packages\django\forms\utils.py first seen with mtime 1671463614.3108702
File C:\Users\Serhan\SoftUniProjects\employees_app\venv\Lib\site-packages\django\template\engine.py first seen with mtime 1671463614.4798648
File C:\Python311\Lib\wsgiref\__init__.py first seen with mtime 1666625650.0
File C:\Users\Serhan\SoftUniProjects\employees_app\venv\Lib\site-packages\django\core\checks\templates.py first seen with mtime 1671463613.977867
File C:\Python311\Lib\asyncio\windows_utils.py first seen with mtime 1666625648.0
File C:\Users\Serhan\SoftUniProjects\employees_app\venv\Lib\site-packages\django\contrib\contenttypes\forms.py first seen with mtime 1671463611.229863
File C:\Python311\Lib\weakref.py first seen with mtime 1666625650.0
File C:\Users\Serhan\SoftUniProjects\employees_app\venv\Lib\site-packages\django\templatetags\cache.py first seen with mtime 1671463614.5088658
File C:\Users\Serhan\SoftUniProjects\employees_app\venv\Lib\site-packages\django\contrib\admin\sites.py first seen with mtime 1671463609.7188623
File C:\Users\Serhan\SoftUniProjects\employees_app\venv\Lib\site-packages\django\contrib\staticfiles\utils.py first seen with mtime 1671463613.9368646
File C:\Python311\Lib\ctypes\_endian.py first seen with mtime 1666625648.0
File C:\Users\Serhan\SoftUniProjects\employees_app\venv\Lib\site-packages\django\contrib\contenttypes\fields.py first seen with mtime 1671463611.2288647
File C:\Users\Serhan\SoftUniProjects\employees_app\venv\Lib\site-packages\django\core\files\temp.py first seen with mtime 1671463613.998865
File C:\Users\Serhan\SoftUniProjects\employees_app\employees_app\employees\__init__.py first seen with mtime 1671464220.9669113
File C:\Users\Serhan\SoftUniProjects\employees_app\venv\Lib\site-packages\asgiref\current_thread_executor.py first seen with mtime 1671463608.9398623
File C:\Python311\Lib\email\base64mime.py first seen with mtime 1666625648.0
File C:\Users\Serhan\SoftUniProjects\employees_app\venv\Lib\site-packages\django\db\backends\sqlite3\introspection.py first seen with mtime 1671463614.1458652
File C:\Python311\Lib\locale.py first seen with mtime 1666625648.0
File C:\Users\Serhan\SoftUniProjects\employees_app\venv\Lib\site-packages\django\contrib\auth\checks.py first seen with mtime 1671463610.905864
File C:\Users\Serhan\SoftUniProjects\employees_app\venv\Lib\site-packages\asgiref\sync.py first seen with mtime 1671463608.9438646
File C:\Python311\Lib\concurrent\futures\_base.py first seen with mtime 1666625648.0
File C:\Users\Serhan\SoftUniProjects\employees_app\venv\Lib\site-packages\django\urls\utils.py first seen with mtime 1671463614.5448644
File C:\Users\Serhan\SoftUniProjects\employees_app\venv\Lib\site-packages\django\utils\timesince.py first seen with mtime 1671463614.609866
File C:\Users\Serhan\SoftUniProjects\employees_app\venv\Lib\site-packages\django\core\files\uploadhandler.py first seen with mtime 1671463614.0018656
File C:\Users\Serhan\SoftUniProjects\employees_app\venv\Lib\site-packages\django\db\migrations\migration.py first seen with mtime 1671463614.1568644
File C:\Python311\Lib\lzma.py first seen with mtime 1666625648.0
File C:\Python311\DLLs\_zoneinfo.pyd first seen with mtime 1666625688.0
File C:\Users\Serhan\SoftUniProjects\employees_app\venv\Lib\site-packages\django\template\response.py first seen with mtime 1671463614.486863
File C:\Python311\Lib\http\__init__.py first seen with mtime 1666625648.0
File C:\Users\Serhan\SoftUniProjects\employees_app\venv\Lib\site-packages\django\db\models\constants.py first seen with mtime 1671463614.1778624
File C:\Users\Serhan\SoftUniProjects\employees_app\venv\Lib\site-packages\django\db\models\utils.py first seen with mtime 1671463614.2578642
File C:\Python311\Lib\contextvars.py first seen with mtime 1666625648.0
File C:\Users\Serhan\SoftUniProjects\employees_app\venv\Lib\site-packages\django\utils\formats.py first seen with mtime 1671463614.582869
File C:\Python311\Lib\email\mime\__init__.py first seen with mtime 1666625648.0
File C:\Users\Serhan\SoftUniProjects\employees_app\venv\Lib\site-packages\django\contrib\staticfiles\apps.py first seen with mtime 1671463613.9288635
File C:\Users\Serhan\SoftUniProjects\employees_app\venv\Lib\site-packages\django\db\__init__.py first seen with mtime 1671463614.0738661
File C:\Users\Serhan\SoftUniProjects\employees_app\venv\Lib\site-packages\sqlparse\filters\right_margin.py first seen with mtime 1671463608.6738615
File C:\Users\Serhan\SoftUniProjects\employees_app\venv\Lib\site-packages\django\urls\resolvers.py first seen with mtime 1671463614.543864
File C:\Users\Serhan\SoftUniProjects\employees_app\venv\Lib\site-packages\django\utils\text.py first seen with mtime 1671463614.6088655
File C:\Python311\Lib\encodings\__init__.py first seen with mtime 1666625648.0
File C:\Python311\Lib\heapq.py first seen with mtime 1666625648.0
File C:\Python311\Lib\asyncio\base_futures.py first seen with mtime 1666625648.0
File C:\Users\Serhan\SoftUniProjects\employees_app\venv\Lib\site-packages\sqlparse\cli.py first seen with mtime 1671463608.6598606
File C:\Users\Serhan\SoftUniProjects\employees_app\venv\Lib\site-packages\django\contrib\admin\templatetags\admin_urls.py first seen with mtime 1671463610.6178637
File C:\Users\Serhan\SoftUniProjects\employees_app\venv\Lib\site-packages\django\contrib\auth\apps.py first seen with mtime 1671463610.9028623
File C:\Python311\Lib\functools.py first seen with mtime 1666625648.0
File C:\Users\Serhan\SoftUniProjects\employees_app\venv\Lib\site-packages\django\contrib\messages\storage\base.py first seen with mtime 1671463612.8828635
File C:\Python311\Lib\tokenize.py first seen with mtime 1666625648.0
File C:\Users\Serhan\SoftUniProjects\employees_app\venv\Lib\site-packages\django\conf\locale\__init__.py first seen with mtime 1671463609.1568623
File C:\Python311\Lib\asyncio\taskgroups.py first seen with mtime 1666625648.0
File C:\Users\Serhan\SoftUniProjects\employees_app\venv\Lib\site-packages\django\views\generic\__init__.py first seen with mtime 1671463614.6428652
File C:\Users\Serhan\SoftUniProjects\employees_app\venv\Lib\site-packages\django\core\checks\caches.py first seen with mtime 1671463613.9708648
File C:\Python311\Lib\uuid.py first seen with mtime 1666625648.0
File C:\Python311\Lib\asyncio\mixins.py first seen with mtime 1666625648.0
File C:\Users\Serhan\SoftUniProjects\employees_app\venv\Lib\site-packages\django\core\checks\async_checks.py first seen with mtime 1671463613.969872
File C:\Users\Serhan\SoftUniProjects\employees_app\venv\Lib\site-packages\django\core\servers\__init__.py first seen with mtime 1671463614.071865
File C:\Python311\Lib\json\encoder.py first seen with mtime 1666625648.0
File C:\Users\Serhan\SoftUniProjects\employees_app\venv\Lib\site-packages\django\db\models\sql\where.py first seen with mtime 1671463614.2888656
File C:\Users\Serhan\SoftUniProjects\employees_app\venv\Lib\site-packages\django\db\backends\ddl_references.py first seen with mtime 1671463614.0788627
File C:\Users\Serhan\SoftUniProjects\employees_app\venv\Lib\site-packages\sqlparse\engine\__init__.py first seen with mtime 1671463608.6678646
File C:\Users\Serhan\SoftUniProjects\employees_app\venv\Lib\site-packages\django\contrib\messages\constants.py first seen with mtime 1671463612.8758636
File C:\Python311\DLLs\_hashlib.pyd first seen with mtime 1666625688.0
File C:\Users\Serhan\SoftUniProjects\employees_app\venv\Lib\site-packages\django\contrib\sessions\middleware.py first seen with mtime 1671463613.4028623
File C:\Users\Serhan\SoftUniProjects\employees_app\venv\Lib\site-packages\django\core\mail\utils.py first seen with mtime 1671463614.0138636
File C:\Python311\Lib\collections\abc.py first seen with mtime 1666625648.0
File C:\Users\Serhan\SoftUniProjects\employees_app\venv\Lib\site-packages\django\dispatch\__init__.py first seen with mtime 1671463614.2908647
File C:\Users\Serhan\SoftUniProjects\employees_app\venv\Lib\site-packages\django\contrib\contenttypes\management\__init__.py first seen with mtime 1671463611.4988632
File C:\Python311\Lib\asyncio\events.py first seen with mtime 1666625648.0
File C:\Users\Serhan\SoftUniProjects\employees_app\venv\Lib\site-packages\django\contrib\staticfiles\handlers.py first seen with mtime 1671463613.9318638
File C:\Users\Serhan\SoftUniProjects\employees_app\venv\Lib\site-packages\django\core\management\color.py first seen with mtime 1671463614.0248616
File C:\Users\Serhan\SoftUniProjects\employees_app\venv\Lib\site-packages\django\db\migrations\operations\special.py first seen with mtime 1671463614.1718657
File C:\Python311\Lib\enum.py first seen with mtime 1666625648.0
File C:\Users\Serhan\SoftUniProjects\employees_app\venv\Lib\site-packages\django\contrib\contenttypes\__init__.py first seen with mtime 1671463611.2238636
File C:\Users\Serhan\SoftUniProjects\employees_app\venv\Lib\site-packages\sqlparse\filters\others.py first seen with mtime 1671463608.671862
File C:\Python311\DLLs\unicodedata.pyd first seen with mtime 1666625690.0
File C:\Users\Serhan\SoftUniProjects\employees_app\venv\Lib\site-packages\django\core\files\__init__.py first seen with mtime 1671463613.9908633
File C:\Users\Serhan\SoftUniProjects\employees_app\venv\Lib\site-packages\django\utils\module_loading.py first seen with mtime 1671463614.5988655
File C:\Users\Serhan\SoftUniProjects\employees_app\venv\Lib\site-packages\django\core\handlers\exception.py first seen with mtime 1671463614.0078647
File C:\Users\Serhan\SoftUniProjects\employees_app\venv\Lib\site-packages\django\contrib\auth\signals.py first seen with mtime 1671463610.919862
File C:\Users\Serhan\SoftUniProjects\employees_app\venv\Lib\site-packages\django\db\migrations\operations\__init__.py first seen with mtime 1671463614.1648617
File C:\Users\Serhan\SoftUniProjects\employees_app\venv\Lib\site-packages\django\forms\boundfield.py first seen with mtime 1671463614.2988706
File C:\Python311\Lib\importlib\resources\abc.py first seen with mtime 1666625648.0
File C:\Users\Serhan\SoftUniProjects\employees_app\venv\Lib\site-packages\django\conf\global_settings.py first seen with mtime 1671463609.1498616
File C:\Users\Serhan\SoftUniProjects\employees_app\venv\Lib\site-packages\django\contrib\admin\templatetags\log.py first seen with mtime 1671463610.6198647
File C:\Python311\Lib\threading.py first seen with mtime 1666625648.0
File C:\Python311\Lib\dataclasses.py first seen with mtime 1666625648.0
File C:\Users\Serhan\SoftUniProjects\employees_app\venv\Lib\site-packages\django\core\servers\basehttp.py first seen with mtime 1671463614.0728648
File C:\Python311\DLLs\_lzma.pyd first seen with mtime 1666625688.0
File C:\Users\Serhan\SoftUniProjects\employees_app\venv\Lib\site-packages\django\template\defaulttags.py first seen with mtime 1671463614.477865
File C:\Users\Serhan\SoftUniProjects\employees_app\venv\Lib\site-packages\django\contrib\staticfiles\views.py first seen with mtime 1671463613.937863
File C:\Python311\Lib\platform.py first seen with mtime 1666625648.0
File C:\Python311\DLLs\_uuid.pyd first seen with mtime 1666625686.0
File C:\Users\Serhan\SoftUniProjects\employees_app\venv\Lib\site-packages\django\db\models\sql\subqueries.py first seen with mtime 1671463614.2868655
File C:\Python311\Lib\asyncio\futures.py first seen with mtime 1666625648.0
File C:\Python311\Lib\subprocess.py first seen with mtime 1666625648.0
File C:\Users\Serhan\SoftUniProjects\employees_app\venv\Lib\site-packages\sqlparse\filters\aligned_indent.py first seen with mtime 1671463608.6708622
File C:\Python311\Lib\email\generator.py first seen with mtime 1666625648.0
File C:\Users\Serhan\SoftUniProjects\employees_app\venv\Lib\site-packages\django\db\backends\base\client.py first seen with mtime 1671463614.0838614
File C:\Users\Serhan\SoftUniProjects\employees_app\venv\Lib\site-packages\django\db\models\signals.py first seen with mtime 1671463614.255865
File C:\Users\Serhan\SoftUniProjects\employees_app\venv\Lib\site-packages\django\contrib\admin\widgets.py first seen with mtime 1671463609.7218635
File C:\Python311\Lib\fnmatch.py first seen with mtime 1666625648.0
File C:\Users\Serhan\SoftUniProjects\employees_app\venv\Lib\site-packages\django\db\migrations\exceptions.py first seen with mtime 1671463614.151865
File C:\Users\Serhan\SoftUniProjects\employees_app\venv\Lib\site-packages\django\core\checks\compatibility\__init__.py first seen with mtime 1671463613.9828677
File C:\Users\Serhan\SoftUniProjects\employees_app\venv\Lib\site-packages\django\contrib\staticfiles\management\__init__.py first seen with mtime 1671463613.9398632
File C:\Users\Serhan\SoftUniProjects\employees_app\venv\Lib\site-packages\django\db\backends\sqlite3\__init__.py first seen with mtime 1671463614.1378653
File C:\Users\Serhan\SoftUniProjects\employees_app\venv\Lib\site-packages\django\db\transaction.py first seen with mtime 1671463614.0758648
File C:\Python311\Lib\urllib\parse.py first seen with mtime 1666625648.0
File C:\Python311\Lib\_markupbase.py first seen with mtime 1666625648.0
File C:\Python311\Lib\asyncio\timeouts.py first seen with mtime 1666625648.0
File C:\Users\Serhan\SoftUniProjects\employees_app\venv\Lib\site-packages\django\db\backends\sqlite3\creation.py first seen with mtime 1671463614.1428654
File C:\Python311\Lib\sqlite3\dbapi2.py first seen with mtime 1666625648.0
File C:\Users\Serhan\SoftUniProjects\employees_app\venv\Lib\site-packages\django\core\exceptions.py first seen with mtime 1671463613.9508648
File C:\Users\Serhan\SoftUniProjects\employees_app\venv\Lib\site-packages\django\core\cache\utils.py first seen with mtime 1671463613.9598615
File C:\Users\Serhan\SoftUniProjects\employees_app\venv\Lib\site-packages\sqlparse\engine\filter_stack.py first seen with mtime 1671463608.6678646
File C:\Users\Serhan\SoftUniProjects\employees_app\venv\Lib\site-packages\django\contrib\admin\helpers.py first seen with mtime 1671463609.714865
File C:\Python311\DLLs\_socket.pyd first seen with mtime 1666625688.0
File C:\Users\Serhan\SoftUniProjects\employees_app\venv\Lib\site-packages\django\contrib\auth\backends.py first seen with mtime 1671463610.9038625
File C:\Python311\Lib\multiprocessing\context.py first seen with mtime 1666625648.0
File C:\Python311\Lib\contextlib.py first seen with mtime 1666625648.0
File C:\Users\Serhan\SoftUniProjects\employees_app\venv\Lib\site-packages\django\core\__init__.py first seen with mtime 1671463613.9488647
File C:\Users\Serhan\SoftUniProjects\employees_app\venv\Lib\site-packages\django\db\migrations\state.py first seen with mtime 1671463614.1618643
File C:\Users\Serhan\SoftUniProjects\employees_app\venv\Lib\site-packages\django\db\backends\base\base.py first seen with mtime 1671463614.082864
File C:\Python311\Lib\asyncio\threads.py first seen with mtime 1666625648.0
File C:\Users\Serhan\SoftUniProjects\employees_app\venv\Lib\site-packages\django\http\response.py first seen with mtime 1671463614.4528685
File C:\Users\Serhan\SoftUniProjects\employees_app\venv\Lib\site-packages\django\db\models\deletion.py first seen with mtime 1671463614.2438672
File C:\Users\Serhan\SoftUniProjects\employees_app\venv\Lib\site-packages\django\db\models\base.py first seen with mtime 1671463614.1768627
File C:\Users\Serhan\SoftUniProjects\employees_app\venv\Lib\site-packages\django\core\validators.py first seen with mtime 1671463613.955862
File C:\Python311\Lib\email\__init__.py first seen with mtime 1666625648.0
File C:\Python311\Lib\logging\config.py first seen with mtime 1666625648.0
File C:\Python311\Lib\secrets.py first seen with mtime 1666625648.0
File C:\Python311\Lib\random.py first seen with mtime 1666625648.0
File C:\Users\Serhan\SoftUniProjects\employees_app\venv\Lib\site-packages\django\contrib\admin\actions.py first seen with mtime 1671463609.7058623
File C:\Users\Serhan\SoftUniProjects\employees_app\venv\Lib\site-packages\django\contrib\admin\templatetags\admin_list.py first seen with mtime 1671463610.615863
File C:\Python311\Lib\decimal.py first seen with mtime 1666625648.0
File C:\Users\Serhan\SoftUniProjects\employees_app\venv\Lib\site-packages\django\contrib\admin\decorators.py first seen with mtime 1671463609.7108617
File C:\Users\Serhan\SoftUniProjects\employees_app\venv\Lib\site-packages\django\contrib\admin\templatetags\admin_modify.py first seen with mtime 1671463610.6168652
File C:\Python311\Lib\gzip.py first seen with mtime 1666625648.0
File C:\Users\Serhan\SoftUniProjects\employees_app\venv\Lib\site-packages\django\utils\crypto.py first seen with mtime 1671463614.5608637
File C:\Python311\Lib\asyncio\trsock.py first seen with mtime 1666625648.0
File C:\Users\Serhan\SoftUniProjects\employees_app\venv\Lib\site-packages\django\db\models\functions\comparison.py first seen with mtime 1671463614.2708652
File C:\Users\Serhan\SoftUniProjects\employees_app\venv\Lib\site-packages\django\contrib\admin\__init__.py first seen with mtime 1671463609.7028644
File C:\Python311\Lib\opcode.py first seen with mtime 1666625648.0
File C:\Users\Serhan\SoftUniProjects\employees_app\venv\Lib\site-packages\django\core\handlers\asgi.py first seen with mtime 1671463614.004864
File C:\Users\Serhan\SoftUniProjects\employees_app\employees_app\employees_app\urls.py first seen with mtime 1671889592.791766
File C:\Users\Serhan\SoftUniProjects\employees_app\venv\Lib\site-packages\django\db\backends\__init__.py first seen with mtime 1671463614.0778642
File C:\Python311\Lib\keyword.py first seen with mtime 1666625648.0
File C:\Users\Serhan\SoftUniProjects\employees_app\venv\Lib\site-packages\django\contrib\sessions\backends\base.py first seen with mtime 1671463613.405863
File C:\Users\Serhan\SoftUniProjects\employees_app\venv\Lib\site-packages\django\utils\ipv6.py first seen with mtime 1671463614.5918634
File C:\Users\Serhan\SoftUniProjects\employees_app\venv\Lib\site-packages\django\views\decorators\common.py first seen with mtime 1671463614.634864
File C:\Users\Serhan\SoftUniProjects\employees_app\venv\Lib\site-packages\django\core\checks\database.py first seen with mtime 1671463613.9718666
File C:\Users\Serhan\SoftUniProjects\employees_app\venv\Lib\site-packages\django\templatetags\__init__.py first seen with mtime 1671463614.5068622
File C:\Users\Serhan\SoftUniProjects\employees_app\employees_app\employees\models.py first seen with mtime 1671889368.1608384
File C:\Users\Serhan\SoftUniProjects\employees_app\venv\Lib\site-packages\django\utils\connection.py first seen with mtime 1671463614.5598626
File C:\Users\Serhan\SoftUniProjects\employees_app\venv\Lib\site-packages\django\utils\lorem_ipsum.py first seen with mtime 1671463614.5978656
File C:\Python311\Lib\copy.py first seen with mtime 1666625648.0
File C:\Users\Serhan\SoftUniProjects\employees_app\venv\Lib\site-packages\django\forms\fields.py first seen with mtime 1671463614.2998662
File C:\Users\Serhan\SoftUniProjects\employees_app\venv\Lib\site-packages\django\db\backends\sqlite3\schema.py first seen with mtime 1671463614.147863
File C:\Users\Serhan\SoftUniProjects\employees_app\venv\Lib\site-packages\django\core\checks\files.py first seen with mtime 1671463613.9738643
File C:\Users\Serhan\SoftUniProjects\employees_app\venv\Lib\site-packages\django\shortcuts.py first seen with mtime 1671463609.1458645
File C:\Python311\Lib\email\charset.py first seen with mtime 1666625648.0
File C:\Python311\Lib\quopri.py first seen with mtime 1666625648.0
File C:\Users\Serhan\SoftUniProjects\employees_app\venv\Lib\site-packages\django\core\checks\urls.py first seen with mtime 1671463613.980867
File C:\Users\Serhan\SoftUniProjects\employees_app\venv\Lib\site-packages\django\utils\deconstruct.py first seen with mtime 1671463614.5708642
File C:\Users\Serhan\SoftUniProjects\employees_app\venv\Lib\site-packages\django\contrib\auth\tokens.py first seen with mtime 1671463610.920863
File C:\Users\Serhan\SoftUniProjects\employees_app\venv\Lib\site-packages\django\db\models\functions\datetime.py first seen with mtime 1671463614.2718642
File C:\Users\Serhan\SoftUniProjects\employees_app\venv\Lib\site-packages\django\template\backends\django.py first seen with mtime 1671463614.4928622
File C:\Users\Serhan\SoftUniProjects\employees_app\venv\Lib\site-packages\django\template\context.py first seen with mtime 1671463614.4738631
File C:\Users\Serhan\SoftUniProjects\employees_app\venv\Lib\site-packages\django\contrib\auth\forms.py first seen with mtime 1671463610.9128635
File C:\Python311\Lib\asyncio\proactor_events.py first seen with mtime 1666625648.0
File C:\Users\Serhan\SoftUniProjects\employees_app\venv\Lib\site-packages\_distutils_hack\__init__.py first seen with mtime 1671463593.4303658
File C:\Users\Serhan\SoftUniProjects\employees_app\venv\Lib\site-packages\django\contrib\sessions\exceptions.py first seen with mtime 1671463613.4008627
File C:\Users\Serhan\SoftUniProjects\employees_app\venv\Lib\site-packages\django\utils\topological_sort.py first seen with mtime 1671463614.6128645
File C:\Python311\Lib\hashlib.py first seen with mtime 1666625648.0
File C:\Python311\Lib\dis.py first seen with mtime 1666625648.0
File C:\Python311\Lib\fractions.py first seen with mtime 1666625648.0
File C:\Python311\Lib\string.py first seen with mtime 1666625648.0
File C:\Python311\Lib\json\scanner.py first seen with mtime 1666625648.0
File C:\Python311\Lib\re\_compiler.py first seen with mtime 1666625648.0
File C:\Python311\DLLs\_asyncio.pyd first seen with mtime 1666625688.0
File C:\Users\Serhan\SoftUniProjects\employees_app\venv\Lib\site-packages\django\conf\__init__.py first seen with mtime 1671463609.1488616
File C:\Users\Serhan\SoftUniProjects\employees_app\venv\Lib\site-packages\django\contrib\admin\filters.py first seen with mtime 1671463609.7128644
File C:\Python311\Lib\importlib\_abc.py first seen with mtime 1666625648.0
File C:\Users\Serhan\SoftUniProjects\employees_app\venv\Lib\site-packages\django\views\i18n.py first seen with mtime 1671463614.6288629
File C:\Users\Serhan\SoftUniProjects\employees_app\venv\Lib\site-packages\django\utils\tree.py first seen with mtime 1671463614.6138687
File C:\Python311\Lib\zoneinfo\_common.py first seen with mtime 1666625650.0
File C:\Users\Serhan\SoftUniProjects\employees_app\venv\Lib\site-packages\sqlparse\__init__.py first seen with mtime 1671463608.657873
File C:\Python311\Lib\_compat_pickle.py first seen with mtime 1666625648.0
File C:\Users\Serhan\SoftUniProjects\employees_app\venv\Lib\site-packages\django\template\utils.py first seen with mtime 1671463614.4898615
File C:\Python311\Lib\operator.py first seen with mtime 1666625648.0
File C:\Python311\Lib\token.py first seen with mtime 1666625648.0
File C:\Users\Serhan\SoftUniProjects\employees_app\venv\Lib\site-packages\django\contrib\admin\views\autocomplete.py first seen with mtime 1671463610.6218638
File C:\Users\Serhan\SoftUniProjects\employees_app\venv\Lib\site-packages\django\core\checks\security\csrf.py first seen with mtime 1671463613.9878695
File C:\Users\Serhan\SoftUniProjects\employees_app\venv\Lib\site-packages\django\db\backends\sqlite3\features.py first seen with mtime 1671463614.1438668
File C:\Users\Serhan\SoftUniProjects\employees_app\venv\Lib\site-packages\django\utils\cache.py first seen with mtime 1671463614.5558655
File C:\Users\Serhan\SoftUniProjects\employees_app\venv\Lib\site-packages\django\core\files\locks.py first seen with mtime 1671463613.9938655
File C:\Python311\Lib\ctypes\__init__.py first seen with mtime 1666625648.0
File C:\Users\Serhan\SoftUniProjects\employees_app\venv\Lib\site-packages\django\template\backends\base.py first seen with mtime 1671463614.4918633
File C:\Users\Serhan\SoftUniProjects\employees_app\venv\Lib\site-packages\django\template\smartif.py first seen with mtime 1671463614.4888632
File C:\Python311\Lib\encodings\cp1251.py first seen with mtime 1666625648.0
File C:\Python311\Lib\urllib\error.py first seen with mtime 1666625648.0
File C:\Users\Serhan\SoftUniProjects\employees_app\venv\Lib\site-packages\django\middleware\cache.py first seen with mtime 1671463614.4568715
File C:\Users\Serhan\SoftUniProjects\employees_app\venv\Lib\site-packages\django\core\checks\security\__init__.py first seen with mtime 1671463613.9858677
File C:\Users\Serhan\SoftUniProjects\employees_app\venv\Lib\site-packages\django\views\decorators\cache.py first seen with mtime 1671463614.6328642
File C:\Users\Serhan\SoftUniProjects\employees_app\venv\Lib\site-packages\django\db\models\functions\__init__.py first seen with mtime 1671463614.269865
File C:\Python311\Lib\wsgiref\util.py first seen with mtime 1666625650.0
File C:\Users\Serhan\SoftUniProjects\employees_app\venv\Lib\site-packages\django\contrib\staticfiles\checks.py first seen with mtime 1671463613.9298644
File C:\Python311\Lib\pprint.py first seen with mtime 1666625648.0
File C:\Python311\Lib\html\__init__.py first seen with mtime 1666625648.0
File C:\Python311\Lib\email\iterators.py first seen with mtime 1666625648.0
File C:\Python311\Lib\importlib\resources\_legacy.py first seen with mtime 1666625648.0
File C:\Users\Serhan\SoftUniProjects\employees_app\venv\Lib\site-packages\django\core\cache\backends\base.py first seen with mtime 1671463613.9608622
File C:\Users\Serhan\SoftUniProjects\employees_app\venv\Lib\site-packages\django\contrib\contenttypes\models.py first seen with mtime 1671463611.2308624
File C:\Users\Serhan\SoftUniProjects\employees_app\venv\Lib\site-packages\django\core\checks\__init__.py first seen with mtime 1671463613.968865
File C:\Python311\Lib\html\entities.py first seen with mtime 1666625648.0
File C:\Users\Serhan\SoftUniProjects\employees_app\venv\Lib\site-packages\django\utils\http.py first seen with mtime 1671463614.5888684
File C:\Users\Serhan\SoftUniProjects\employees_app\venv\Lib\site-packages\django\db\migrations\operations\models.py first seen with mtime 1671463614.1708622
File C:\Users\Serhan\SoftUniProjects\employees_app\venv\Lib\site-packages\django\db\models\constraints.py first seen with mtime 1671463614.2418704
File C:\Users\Serhan\SoftUniProjects\employees_app\venv\Lib\site-packages\django\db\backends\sqlite3\operations.py first seen with mtime 1671463614.146863
File C:\Users\Serhan\SoftUniProjects\employees_app\venv\Lib\site-packages\django\template\loader.py first seen with mtime 1671463614.4838626
File C:\Python311\Lib\asyncio\streams.py first seen with mtime 1666625648.0
File C:\Users\Serhan\SoftUniProjects\employees_app\venv\Lib\site-packages\django\utils\translation\__init__.py first seen with mtime 1671463614.617868
File C:\Python311\Lib\importlib\resources\_common.py first seen with mtime 1666625648.0
File C:\Python311\Lib\asyncio\locks.py first seen with mtime 1666625648.0
File C:\Users\Serhan\SoftUniProjects\employees_app\venv\Lib\site-packages\django\core\handlers\base.py first seen with mtime 1671463614.0068698
File C:\Python311\Lib\email\headerregistry.py first seen with mtime 1666625648.0
File C:\Users\Serhan\SoftUniProjects\employees_app\venv\Lib\site-packages\django\contrib\staticfiles\finders.py first seen with mtime 1671463613.9308634
File C:\Users\Serhan\SoftUniProjects\employees_app\venv\Lib\site-packages\django\template\autoreload.py first seen with mtime 1671463614.469864
File C:\Python311\Lib\asyncio\windows_events.py first seen with mtime 1666625648.0
File C:\Users\Serhan\SoftUniProjects\employees_app\venv\Lib\site-packages\django\db\models\aggregates.py first seen with mtime 1671463614.175864
File C:\Python311\DLLs\_decimal.pyd first seen with mtime 1666625688.0
File C:\Users\Serhan\SoftUniProjects\employees_app\venv\Lib\site-packages\django\utils\deprecation.py first seen with mtime 1671463614.576865
File C:\Python311\Lib\asyncio\log.py first seen with mtime 1666625648.0
File C:\Users\Serhan\SoftUniProjects\employees_app\venv\Lib\site-packages\django\templatetags\i18n.py first seen with mtime 1671463614.510874
File C:\Users\Serhan\SoftUniProjects\employees_app\venv\Lib\site-packages\django\urls\exceptions.py first seen with mtime 1671463614.5428677
File C:\Users\Serhan\SoftUniProjects\employees_app\venv\Lib\site-packages\django\__init__.py first seen with mtime 1671463609.143868
File C:\Users\Serhan\SoftUniProjects\employees_app\venv\Lib\site-packages\django\contrib\auth\__init__.py first seen with mtime 1671463610.9008648
File C:\Python311\Lib\pickle.py first seen with mtime 1666625648.0
File C:\Users\Serhan\SoftUniProjects\employees_app\venv\Lib\site-packages\django\db\utils.py first seen with mtime 1671463614.076866
File C:\Python311\Lib\mimetypes.py first seen with mtime 1666625648.0
File C:\Python311\Lib\email\_policybase.py first seen with mtime 1666625648.0
File C:\Users\Serhan\SoftUniProjects\employees_app\venv\Lib\site-packages\django\contrib\auth\validators.py first seen with mtime 1671463610.923866
File C:\Users\Serhan\SoftUniProjects\employees_app\venv\Lib\site-packages\django\urls\converters.py first seen with mtime 1671463614.53987
File C:\Users\Serhan\SoftUniProjects\employees_app\venv\Lib\site-packages\django\db\backends\sqlite3\_functions.py first seen with mtime 1671463614.139863
File C:\Python311\Lib\argparse.py first seen with mtime 1666625648.0
File C:\Users\Serhan\SoftUniProjects\employees_app\venv\Lib\site-packages\django\contrib\admin\templatetags\base.py first seen with mtime 1671463610.6188636
File C:\Users\Serhan\SoftUniProjects\employees_app\venv\Lib\site-packages\django\db\models\__init__.py first seen with mtime 1671463614.174863
File C:\Users\Serhan\SoftUniProjects\employees_app\venv\Lib\site-packages\django\templatetags\static.py first seen with mtime 1671463614.5148654
File C:\Users\Serhan\SoftUniProjects\employees_app\venv\Lib\site-packages\django\contrib\admin\views\main.py first seen with mtime 1671463610.6238666
File C:\Python311\DLLs\_sqlite3.pyd first seen with mtime 1666625688.0
File C:\Python311\Lib\ast.py first seen with mtime 1666625648.0
File C:\Python311\Lib\statistics.py first seen with mtime 1666625648.0
File C:\Python311\Lib\asyncio\subprocess.py first seen with mtime 1666625648.0
File C:\Users\Serhan\SoftUniProjects\employees_app\venv\Lib\site-packages\django\core\wsgi.py first seen with mtime 1671463613.956864
File C:\Users\Serhan\SoftUniProjects\employees_app\venv\Lib\site-packages\django\utils\inspect.py first seen with mtime 1671463614.5898654
File C:\Python311\Lib\asyncio\runners.py first seen with mtime 1666625648.0
File C:\Python311\Lib\wsgiref\handlers.py first seen with mtime 1666625650.0
File C:\Users\Serhan\SoftUniProjects\employees_app\venv\Lib\site-packages\django\db\models\sql\__init__.py first seen with mtime 1671463614.2798622
File C:\Python311\Lib\logging\handlers.py first seen with mtime 1666625648.0
File C:\Python311\Lib\gettext.py first seen with mtime 1666625648.0
File C:\Users\Serhan\SoftUniProjects\employees_app\venv\Lib\site-packages\sqlparse\engine\grouping.py first seen with mtime 1671463608.6688616
File C:\Users\Serhan\SoftUniProjects\employees_app\venv\Lib\site-packages\django\contrib\sessions\backends\__init__.py first seen with mtime 1671463613.4048622
File C:\Users\Serhan\SoftUniProjects\employees_app\venv\Lib\site-packages\django\contrib\admin\models.py first seen with mtime 1671463609.7168627
File C:\Users\Serhan\SoftUniProjects\employees_app\venv\Lib\site-packages\django\utils\translation\trans_real.py first seen with mtime 1671463614.6228642
File C:\Python311\Lib\json\__init__.py first seen with mtime 1666625648.0
File C:\Users\Serhan\SoftUniProjects\employees_app\venv\Lib\site-packages\django\core\files\utils.py first seen with mtime 1671463614.0028641
File C:\Users\Serhan\SoftUniProjects\employees_app\venv\Lib\site-packages\django\template\base.py first seen with mtime 1671463614.4728632
File C:\Users\Serhan\SoftUniProjects\employees_app\venv\Lib\site-packages\django\db\models\fields\files.py first seen with mtime 1671463614.2598639
File C:\Users\Serhan\SoftUniProjects\employees_app\venv\Lib\site-packages\django\views\generic\list.py first seen with mtime 1671463614.6488657
File C:\Users\Serhan\SoftUniProjects\employees_app\venv\Lib\site-packages\django\db\models\lookups.py first seen with mtime 1671463614.249862
File C:\Users\Serhan\SoftUniProjects\employees_app\venv\Lib\site-packages\django\contrib\messages\__init__.py first seen with mtime 1671463612.8728652
File C:\Users\Serhan\SoftUniProjects\employees_app\venv\Lib\site-packages\sqlparse\filters\tokens.py first seen with mtime 1671463608.6748629
File C:\Python311\Lib\email\parser.py first seen with mtime 1666625648.0
File C:\Python311\Lib\struct.py first seen with mtime 1666625648.0
File C:\Users\Serhan\SoftUniProjects\employees_app\venv\Lib\site-packages\django\core\signing.py first seen with mtime 1671463613.954863
File C:\Users\Serhan\SoftUniProjects\employees_app\venv\Lib\site-packages\django\core\serializers\__init__.py first seen with mtime 1671463614.063862
File C:\Users\Serhan\SoftUniProjects\employees_app\venv\Lib\site-packages\django\core\paginator.py first seen with mtime 1671463613.9518635
File C:\Python311\Lib\email\errors.py first seen with mtime 1666625648.0
File C:\Users\Serhan\SoftUniProjects\employees_app\venv\Lib\site-packages\django\core\checks\registry.py first seen with mtime 1671463613.9768648
File C:\Users\Serhan\SoftUniProjects\employees_app\venv\Lib\site-packages\django\views\__init__.py first seen with mtime 1671463614.623862
File C:\Users\Serhan\SoftUniProjects\employees_app\venv\Lib\site-packages\django\utils\duration.py first seen with mtime 1671463614.5778656
File C:\Python311\Lib\http\client.py first seen with mtime 1666625648.0
File C:\Users\Serhan\SoftUniProjects\employees_app\venv\Lib\site-packages\django\core\checks\security\sessions.py first seen with mtime 1671463613.9888637
File C:\Users\Serhan\SoftUniProjects\employees_app\venv\Lib\site-packages\django\db\migrations\__init__.py first seen with mtime 1671463614.148864
File C:\Python311\Lib\sysconfig.py first seen with mtime 1666625648.0
File C:\Python311\Lib\tempfile.py first seen with mtime 1666625648.0
File C:\Python311\Lib\wsgiref\headers.py first seen with mtime 1666625650.0
File C:\Python311\Lib\asyncio\constants.py first seen with mtime 1666625648.0
File C:\Users\Serhan\SoftUniProjects\employees_app\venv\Lib\site-packages\django\contrib\contenttypes\apps.py first seen with mtime 1671463611.2268646
File C:\Users\Serhan\SoftUniProjects\employees_app\venv\Lib\site-packages\django\urls\base.py first seen with mtime 1671463614.536865
File C:\Python311\Lib\socketserver.py first seen with mtime 1666625648.0
File C:\Python311\Lib\asyncio\base_tasks.py first seen with mtime 1666625648.0
File C:\Python311\Lib\asyncio\base_subprocess.py first seen with mtime 1666625648.0
File C:\Users\Serhan\SoftUniProjects\employees_app\venv\Lib\site-packages\django\template\loaders\app_directories.py first seen with mtime 1671463614.496863
File C:\Python311\Lib\email\_parseaddr.py first seen with mtime 1666625648.0
File C:\Python311\Lib\urllib\__init__.py first seen with mtime 1666625648.0
File C:\Users\Serhan\SoftUniProjects\employees_app\venv\Lib\site-packages\django\core\mail\message.py first seen with mtime 1671463614.0128665
File C:\Users\Serhan\SoftUniProjects\employees_app\venv\Lib\site-packages\django\db\models\functions\window.py first seen with mtime 1671463614.2788641
File C:\Python311\Lib\calendar.py first seen with mtime 1666625648.0
File C:\Python311\Lib\re\__init__.py first seen with mtime 1666625648.0
File C:\Users\Serhan\SoftUniProjects\employees_app\venv\Lib\site-packages\django\core\management\base.py first seen with mtime 1671463614.0248616
File C:\Python311\Lib\importlib\__init__.py first seen with mtime 1666625648.0
File C:\Users\Serhan\SoftUniProjects\employees_app\venv\Lib\site-packages\django\middleware\csrf.py first seen with mtime 1671463614.4608696
File C:\Python311\Lib\traceback.py first seen with mtime 1666625648.0
File C:\Users\Serhan\SoftUniProjects\employees_app\venv\Lib\site-packages\django\contrib\admin\options.py first seen with mtime 1671463609.717862
File C:\Python311\Lib\email\encoders.py first seen with mtime 1666625648.0
File C:\Users\Serhan\SoftUniProjects\employees_app\venv\Lib\site-packages\django\template\loaders\cached.py first seen with mtime 1671463614.5008688
File C:\Users\Serhan\SoftUniProjects\employees_app\venv\Lib\site-packages\sqlparse\formatter.py first seen with mtime 1671463608.6628628
File C:\Users\Serhan\SoftUniProjects\employees_app\venv\Lib\site-packages\django\core\cache\backends\filebased.py first seen with mtime 1671463613.9638636
File C:\Users\Serhan\SoftUniProjects\employees_app\venv\Lib\site-packages\django\utils\decorators.py first seen with mtime 1671463614.5748649
File C:\Users\Serhan\SoftUniProjects\employees_app\venv\Lib\site-packages\django\template\defaultfilters.py first seen with mtime 1671463614.4768677
File C:\Python311\Lib\asyncio\queues.py first seen with mtime 1666625648.0
File C:\Users\Serhan\SoftUniProjects\employees_app\venv\Lib\site-packages\django\apps\__init__.py first seen with mtime 1671463609.1468627
File C:\Users\Serhan\SoftUniProjects\employees_app\employees_app\employees\templates\404.html first seen with mtime 1671666150.8383002
File C:\Users\Serhan\SoftUniProjects\employees_app\employees_app\employees\templates\index.html first seen with mtime 1671663506.5057385
File C:\Users\Serhan\SoftUniProjects\employees_app\employees_app\employees\templates\redirects.html first seen with mtime 1671663734.8523612
File C:\Python311\Lib\stringprep.py first seen with mtime 1666625648.0
File C:\Users\Serhan\SoftUniProjects\employees_app\venv\Lib\site-packages\django\contrib\auth\migrations\0008_alter_user_username_max_length.py first seen with mtime 1671463611.214865
File C:\Users\Serhan\SoftUniProjects\employees_app\venv\Lib\site-packages\django\conf\urls\__init__.py first seen with mtime 1671463609.696862
File C:\Users\Serhan\SoftUniProjects\employees_app\venv\Lib\site-packages\django\contrib\admin\migrations\0003_logentry_add_action_flag_choices.py first seen with mtime 1671463610.3548613
File C:\Users\Serhan\SoftUniProjects\employees_app\venv\Lib\site-packages\django\core\cache\backends\locmem.py first seen with mtime 1671463613.9648633
File C:\Users\Serhan\SoftUniProjects\employees_app\venv\Lib\site-packages\django\contrib\auth\migrations\0004_alter_user_username_opts.py first seen with mtime 1671463611.2108643
File C:\Users\Serhan\SoftUniProjects\employees_app\employees_app\employees\migrations\__init__.py first seen with mtime 1671464220.9679122
File C:\Users\Serhan\SoftUniProjects\employees_app\venv\Lib\site-packages\django\contrib\auth\migrations\0006_require_contenttypes_0002.py first seen with mtime 1671463611.2128632
File C:\Users\Serhan\SoftUniProjects\employees_app\venv\Lib\site-packages\django\contrib\auth\migrations\0012_alter_user_first_name_max_length.py first seen with mtime 1671463611.2188666
File C:\Users\Serhan\SoftUniProjects\employees_app\venv\Lib\site-packages\django\contrib\contenttypes\migrations\__init__.py first seen with mtime 1671463611.5038645
File C:\Users\Serhan\SoftUniProjects\employees_app\venv\Lib\site-packages\django\contrib\admin\migrations\0002_logentry_remove_auto_add.py first seen with mtime 1671463610.3548613
File C:\Users\Serhan\SoftUniProjects\employees_app\venv\Lib\site-packages\django\contrib\admin\migrations\0001_initial.py first seen with mtime 1671463610.3528705
File C:\Users\Serhan\SoftUniProjects\employees_app\venv\Lib\site-packages\django\contrib\contenttypes\migrations\0002_remove_content_type_name.py first seen with mtime 1671463611.5038645
File C:\Users\Serhan\SoftUniProjects\employees_app\employees_app\employees_app\wsgi.py first seen with mtime 1671463642.6356628
File C:\Users\Serhan\SoftUniProjects\employees_app\venv\Lib\site-packages\django\db\migrations\loader.py first seen with mtime 1671463614.1558626
File C:\Users\Serhan\SoftUniProjects\employees_app\venv\Lib\site-packages\django\contrib\auth\migrations\0010_alter_group_name_max_length.py first seen with mtime 1671463611.2168648
File C:\Users\Serhan\SoftUniProjects\employees_app\venv\Lib\site-packages\django\contrib\auth\migrations\0009_alter_user_last_name_max_length.py first seen with mtime 1671463611.2168648
File C:\Users\Serhan\SoftUniProjects\employees_app\venv\Lib\site-packages\django\contrib\sessions\backends\db.py first seen with mtime 1671463613.4098656
File C:\Users\Serhan\SoftUniProjects\employees_app\venv\Lib\site-packages\django\contrib\auth\migrations\0001_initial.py first seen with mtime 1671463611.207863
File C:\Users\Serhan\SoftUniProjects\employees_app\venv\Lib\site-packages\django\contrib\messages\middleware.py first seen with mtime 1671463612.8778663
File C:\Users\Serhan\SoftUniProjects\employees_app\venv\Lib\site-packages\django\db\migrations\graph.py first seen with mtime 1671463614.1538668
File C:\Users\Serhan\SoftUniProjects\employees_app\venv\Lib\site-packages\django\contrib\sessions\migrations\__init__.py first seen with mtime 1671463613.6698635
File C:\Users\Serhan\SoftUniProjects\employees_app\venv\Lib\site-packages\django\views\defaults.py first seen with mtime 1671463614.627864
File C:\Users\Serhan\SoftUniProjects\employees_app\venv\Lib\site-packages\django\contrib\auth\migrations\0003_alter_user_email_max_length.py first seen with mtime 1671463611.2098622
File C:\Users\Serhan\SoftUniProjects\employees_app\venv\Lib\site-packages\django\db\models\sql\compiler.py first seen with mtime 1671463614.281864
File C:\Users\Serhan\SoftUniProjects\employees_app\venv\Lib\site-packages\django\contrib\auth\migrations\0002_alter_permission_name_max_length.py first seen with mtime 1671463611.2088625
File C:\Users\Serhan\SoftUniProjects\employees_app\venv\Lib\site-packages\django\middleware\clickjacking.py first seen with mtime 1671463614.4579182
File C:\Users\Serhan\SoftUniProjects\employees_app\venv\Lib\site-packages\django\db\migrations\recorder.py first seen with mtime 1671463614.1598637
File C:\Users\Serhan\SoftUniProjects\employees_app\venv\Lib\site-packages\django\db\migrations\executor.py first seen with mtime 1671463614.1528635
File C:\Users\Serhan\SoftUniProjects\employees_app\venv\Lib\site-packages\django\middleware\common.py first seen with mtime 1671463614.458867
File C:\Users\Serhan\SoftUniProjects\employees_app\venv\Lib\site-packages\django\contrib\auth\migrations\0007_alter_validators_add_error_messages.py first seen with mtime 1671463611.2138636
File C:\Users\Serhan\SoftUniProjects\employees_app\venv\Lib\site-packages\django\contrib\contenttypes\migrations\0001_initial.py first seen with mtime 1671463611.502862
File C:\Users\Serhan\SoftUniProjects\employees_app\venv\Lib\site-packages\django\contrib\auth\migrations\0011_update_proxy_permissions.py first seen with mtime 1671463611.2188666
File C:\Users\Serhan\SoftUniProjects\employees_app\venv\Lib\site-packages\django\contrib\admin\migrations\__init__.py first seen with mtime 1671463610.355864
File C:\Users\Serhan\SoftUniProjects\employees_app\venv\Lib\site-packages\django\contrib\auth\migrations\0005_alter_user_last_login_null.py first seen with mtime 1671463611.2118616
File C:\Users\Serhan\SoftUniProjects\employees_app\venv\Lib\site-packages\django\contrib\auth\migrations\__init__.py first seen with mtime 1671463611.2198625
File C:\Python311\Lib\encodings\idna.py first seen with mtime 1666625648.0
File C:\Users\Serhan\SoftUniProjects\employees_app\venv\Lib\site-packages\django\views\csrf.py first seen with mtime 1671463614.6248636
File C:\Users\Serhan\SoftUniProjects\employees_app\venv\Lib\site-packages\django\contrib\sessions\migrations\0001_initial.py first seen with mtime 1671463613.6698635
"GET / HTTP/1.1" 200 154
File C:\Users\Serhan\SoftUniProjects\employees_app\venv\Lib\site-packages\django\contrib\messages\storage\session.py first seen with mtime 1671463612.885866
File C:\Users\Serhan\SoftUniProjects\employees_app\venv\Lib\site-packages\django\contrib\messages\storage\fallback.py first seen with mtime 1671463612.884864
File C:\Users\Serhan\SoftUniProjects\employees_app\venv\Lib\site-packages\django\template\context_processors.py first seen with mtime 1671463614.4748638
File C:\Users\Serhan\SoftUniProjects\employees_app\venv\Lib\site-packages\django\conf\locale\en\__init__.py first seen with mtime 1671463609.2258673
File C:\Users\Serhan\SoftUniProjects\employees_app\venv\Lib\site-packages\django\contrib\sessions\serializers.py first seen with mtime 1671463613.4038618
File C:\Users\Serhan\SoftUniProjects\employees_app\venv\Lib\site-packages\django\contrib\auth\context_processors.py first seen with mtime 1671463610.9118657
File C:\Users\Serhan\SoftUniProjects\employees_app\venv\Lib\site-packages\django\contrib\messages\context_processors.py first seen with mtime 1671463612.876865
File C:\Users\Serhan\SoftUniProjects\employees_app\venv\Lib\site-packages\django\contrib\messages\storage\cookie.py first seen with mtime 1671463612.8838642
File C:\Users\Serhan\SoftUniProjects\employees_app\venv\Lib\site-packages\django\conf\locale\en\formats.py first seen with mtime 1671463609.2268653
File C:\Users\Serhan\SoftUniProjects\employees_app\employees_app\employees_app\settings.py previous mtime: 1671890187.4696574, current mtime: 1671890294.636783
C:\Users\Serhan\SoftUniProjects\employees_app\employees_app\employees_app\settings.py notified as changed. Signal results: [(<function template_changed at 0x0000019A523AEFC0>, None), (<function translation_file_changed at 0x0000019A534D6200>, None)].
C:\Users\Serhan\SoftUniProjects\employees_app\employees_app\employees_app\settings.py changed, reloading.
